[debug] [2020-03-01T21:58:39.330Z] ----------------------------------------------------------------------
[debug] [2020-03-01T21:58:39.332Z] Command:       C:\Program Files\nodejs\node.exe C:\Users\Noie\AppData\Roaming\npm\node_modules\firebase-tools\lib\bin\firebase.js deploy
[debug] [2020-03-01T21:58:39.332Z] CLI Version:   7.14.0
[debug] [2020-03-01T21:58:39.332Z] Platform:      win32
[debug] [2020-03-01T21:58:39.332Z] Node Version:  v13.3.0
[debug] [2020-03-01T21:58:39.333Z] Time:          Mon Mar 02 2020 04:58:39 GMT+0700 (Indochina Time)
[debug] [2020-03-01T21:58:39.333Z] ----------------------------------------------------------------------
[debug] [2020-03-01T21:58:39.333Z] 
[debug] [2020-03-01T21:58:39.342Z] > command requires scopes: ["email","openid","https://www.googleapis.com/auth/cloudplatformprojects.readonly","https://www.googleapis.com/auth/firebase","https://www.googleapis.com/auth/cloud-platform"]
[debug] [2020-03-01T21:58:39.343Z] > authorizing via signed-in user
[debug] [2020-03-01T21:58:39.343Z] [iam] checking project e-com-5ee46 for permissions ["cloudfunctions.functions.create","cloudfunctions.functions.delete","cloudfunctions.functions.get","cloudfunctions.functions.list","cloudfunctions.functions.update","cloudfunctions.operations.get","datastore.indexes.create","datastore.indexes.delete","datastore.indexes.list","datastore.indexes.update","firebase.projects.get","firebasehosting.sites.update","firebaserules.releases.create","firebaserules.releases.update","firebaserules.rulesets.create"]
[debug] [2020-03-01T21:58:39.345Z] > refreshing access token with scopes: ["email","https://www.googleapis.com/auth/cloud-platform","https://www.googleapis.com/auth/cloudplatformprojects.readonly","https://www.googleapis.com/auth/firebase","openid"]
[debug] [2020-03-01T21:58:39.346Z] >>> HTTP REQUEST POST https://www.googleapis.com/oauth2/v3/token  
 <request body omitted>
[debug] [2020-03-01T21:58:39.524Z] <<< HTTP RESPONSE 200
[debug] [2020-03-01T21:58:39.529Z] >>> HTTP REQUEST POST https://cloudresourcemanager.googleapis.com/v1/projects/e-com-5ee46:testIamPermissions  

[debug] [2020-03-01T21:58:40.776Z] <<< HTTP RESPONSE 200
[debug] [2020-03-01T21:58:40.778Z] >>> HTTP REQUEST GET https://firebase.googleapis.com/v1beta1/projects/e-com-5ee46  
 
[debug] [2020-03-01T21:58:41.261Z] <<< HTTP RESPONSE 200
[info] 
[info] === Deploying to 'e-com-5ee46'...
[info] 
[info] i  deploying storage, firestore, functions, hosting
[debug] [2020-03-01T21:58:43.423Z] >>> HTTP REQUEST GET https://appengine.googleapis.com/v1/apps/e-com-5ee46  
 
[debug] [2020-03-01T21:58:45.068Z] <<< HTTP RESPONSE 200
[info] i  firebase.storage: checking y for compilation errors...
[debug] [2020-03-01T21:58:45.070Z] >>> HTTP REQUEST POST https://firebaserules.googleapis.com/v1/projects/e-com-5ee46:test  

[debug] [2020-03-01T21:58:46.558Z] <<< HTTP RESPONSE 200
[info] +  firebase.storage: rules file y compiled successfully
[info] i  firestore: reading indexes from firestore.indexes.json...
[info] i  cloud.firestore: checking firestore.rules for compilation errors...
[debug] [2020-03-01T21:58:46.580Z] >>> HTTP REQUEST POST https://firebaserules.googleapis.com/v1/projects/e-com-5ee46:test  

[debug] [2020-03-01T21:58:48.003Z] <<< HTTP RESPONSE 200
[info] +  cloud.firestore: rules file firestore.rules compiled successfully
[debug] [2020-03-01T21:58:48.007Z] > [functions] package.json contents: {
  "name": "functions",
  "description": "Cloud Functions for Firebase",
  "scripts": {
    "serve": "firebase serve --only functions",
    "shell": "firebase functions:shell",
    "start": "npm run shell",
    "deploy": "firebase deploy --only functions",
    "logs": "firebase functions:log"
  },
  "engines": {
    "node": "8"
  },
  "dependencies": {
    "firebase-admin": "^8.6.0",
    "firebase-functions": "^3.3.0"
  },
  "devDependencies": {
    "firebase-functions-test": "^0.1.6"
  },
  "private": true
}
[info] i  functions: ensuring necessary APIs are enabled...
[debug] [2020-03-01T21:58:48.013Z] >>> HTTP REQUEST GET https://serviceusage.googleapis.com/v1/projects/e-com-5ee46/services/cloudfunctions.googleapis.com  
 
[debug] [2020-03-01T21:58:48.013Z] >>> HTTP REQUEST GET https://serviceusage.googleapis.com/v1/projects/e-com-5ee46/services/runtimeconfig.googleapis.com  
 
[debug] [2020-03-01T21:58:49.618Z] <<< HTTP RESPONSE 200
[debug] [2020-03-01T21:58:49.638Z] <<< HTTP RESPONSE 200
[info] +  functions: all necessary APIs are enabled
[debug] [2020-03-01T21:58:49.642Z] >>> HTTP REQUEST GET https://firebase.googleapis.com/v1beta1/projects/e-com-5ee46/adminSdkConfig  
 
[debug] [2020-03-01T21:58:49.993Z] <<< HTTP RESPONSE 200
[debug] [2020-03-01T21:58:49.994Z] >>> HTTP REQUEST POST https://firebasehosting.googleapis.com/v1beta1/sites/e-com-5ee46/versions  

[debug] [2020-03-01T21:58:52.043Z] <<< HTTP RESPONSE 200
[debug] [2020-03-01T21:58:52.045Z] >>> HTTP REQUEST GET https://firebaserules.googleapis.com/v1/projects/e-com-5ee46/releases?pageSize=10&pageToken=  
 
[debug] [2020-03-01T21:58:53.516Z] <<< HTTP RESPONSE 200
[debug] [2020-03-01T21:58:53.518Z] >>> HTTP REQUEST GET https://firebaserules.googleapis.com/v1/projects/e-com-5ee46/rulesets/4d1397c4-7365-4d83-a26e-1b6095848de7  
 
[debug] [2020-03-01T21:58:55.669Z] <<< HTTP RESPONSE 200
[info] i  storage: latest version of y already up to date, skipping upload...
[debug] [2020-03-01T21:58:55.673Z] >>> HTTP REQUEST GET https://firebaserules.googleapis.com/v1/projects/e-com-5ee46/releases?pageSize=10&pageToken=  
 
[debug] [2020-03-01T21:58:55.673Z] >>> HTTP REQUEST GET https://firestore.googleapis.com/v1beta2/projects/e-com-5ee46/databases/(default)/collectionGroups/-/indexes  
 
[debug] [2020-03-01T21:58:57.027Z] <<< HTTP RESPONSE 200
[debug] [2020-03-01T21:58:57.028Z] >>> HTTP REQUEST GET https://firestore.googleapis.com/v1beta2/projects/e-com-5ee46/databases/(default)/collectionGroups/-/fields?filter=indexConfig.usesAncestorConfig=false  
 
[debug] [2020-03-01T21:58:57.119Z] <<< HTTP RESPONSE 200
[debug] [2020-03-01T21:58:57.120Z] >>> HTTP REQUEST GET https://firebaserules.googleapis.com/v1/projects/e-com-5ee46/rulesets/20edd92e-5936-4ae7-9142-fefed919d14c  
 
[debug] [2020-03-01T21:58:58.372Z] <<< HTTP RESPONSE 200
[info] +  firestore: deployed indexes in firestore.indexes.json successfully
[debug] [2020-03-01T21:58:58.547Z] <<< HTTP RESPONSE 200
[info] i  firestore: latest version of firestore.rules already up to date, skipping upload...
[info] i  functions: preparing functions directory for uploading...
[debug] [2020-03-01T21:58:58.557Z] >>> HTTP REQUEST GET https://runtimeconfig.googleapis.com/v1beta1/projects/e-com-5ee46/configs  
 
[debug] [2020-03-01T21:58:58.958Z] <<< HTTP RESPONSE 200
[info] i  functions: packaged functions (26.79 KB) for uploading
[debug] [2020-03-01T21:58:59.136Z] >>> HTTP REQUEST POST https://cloudfunctions.googleapis.com/v1/projects/e-com-5ee46/locations/us-central1/functions:generateUploadUrl  
 
[debug] [2020-03-01T21:59:00.410Z] <<< HTTP RESPONSE 200
[debug] [2020-03-01T21:59:00.411Z] >>> HTTP REQUEST PUT https://storage.googleapis.com/gcf-upload-us-central1-fc7dc98d-956d-4c09-a115-ba1990358de8/cc5319c0-bdab-4cd9-919b-681c8241078c.zip?GoogleAccessId=service-683984825321@gcf-admin-robot.iam.gserviceaccount.com&Expires=1583101741&Signature=ScWTDkO3JuCfID%2FT6MzkZ%2BEytpxUv5yc2lObLMJme5hNT3HiVh0eykWK%2BuSKZrftTe1cQoepV%2FjITJoMimo7%2BMkIvTzvQhWLH6syiyQEgIbNBt3yoQ1fz2uZ4wL6Qr3IpDg85lWtoZoJbzi8mRLLRn14l9qR7R%2FfT7032EbxPg4DfZQYf7q2u5kTiEHLPfElYUAvDYVyTU%2F6fCqzVSsQUXaOAic8DKnsWayuBjl5y%2B837nkw4XG%2FnCqa79AoXvFAUIKxArYizPucVCjsQ9N30aH3ZPy8ksKp%2FBwoD%2FEg3OKU5I%2FjdtxpL4LCJEMUZyPUa26eEO2PR9Wgn7gMKs3neA%3D%3D  
 <request body omitted>
[debug] [2020-03-01T21:59:00.936Z] <<< HTTP RESPONSE 200
[info] +  functions: functions folder uploaded successfully
[info] i  hosting[e-com-5ee46]: beginning deploy...
[info] i  hosting[e-com-5ee46]: found 28 files in dist/
[debug] [2020-03-01T21:59:00.981Z] [hosting] hash cache [ZGlzdA] stored for 28 files
[debug] [2020-03-01T21:59:00.981Z] [hosting][hash queue][FINAL]
[debug] [2020-03-01T21:59:00.981Z] >>> HTTP REQUEST POST https://firebasehosting.googleapis.com/v1beta1/sites/e-com-5ee46/versions/8750b5498e1110ec:populateFiles  
 <request body omitted>
[debug] [2020-03-01T21:59:02.809Z] <<< HTTP RESPONSE 200
[debug] [2020-03-01T21:59:02.809Z] [hosting][populate queue][FINAL]
[debug] [2020-03-01T21:59:02.809Z] [hosting] uploads queued: 0
[debug] [2020-03-01T21:59:02.809Z] [hosting][upload queue][FINAL]
[info] +  hosting[e-com-5ee46]: file upload complete
[debug] [2020-03-01T21:59:02.811Z] [hosting] deploy completed after 1860ms
[debug] [2020-03-01T21:59:02.927Z] [rules] releasing firebase.storage/e-com-5ee46.appspot.com with ruleset projects/e-com-5ee46/rulesets/4d1397c4-7365-4d83-a26e-1b6095848de7
[debug] [2020-03-01T21:59:02.927Z] >>> HTTP REQUEST PATCH https://firebaserules.googleapis.com/v1/projects/e-com-5ee46/releases/firebase.storage/e-com-5ee46.appspot.com  

[debug] [2020-03-01T21:59:04.383Z] <<< HTTP RESPONSE 200
[debug] [2020-03-01T21:59:04.384Z] [rules] updated release projects/e-com-5ee46/releases/firebase.storage/e-com-5ee46.appspot.com
[info] +  storage: released rules y to firebase.storage
[debug] [2020-03-01T21:59:04.387Z] [rules] releasing cloud.firestore with ruleset projects/e-com-5ee46/rulesets/20edd92e-5936-4ae7-9142-fefed919d14c
[debug] [2020-03-01T21:59:04.388Z] >>> HTTP REQUEST PATCH https://firebaserules.googleapis.com/v1/projects/e-com-5ee46/releases/cloud.firestore  

[debug] [2020-03-01T21:59:05.893Z] <<< HTTP RESPONSE 200
[debug] [2020-03-01T21:59:05.894Z] [rules] updated release projects/e-com-5ee46/releases/cloud.firestore
[info] +  firestore: released rules firestore.rules to cloud.firestore
[debug] [2020-03-01T21:59:05.900Z] >>> HTTP REQUEST GET https://cloudfunctions.googleapis.com/v1/projects/e-com-5ee46/locations/-/functions  
 
[debug] [2020-03-01T21:59:06.766Z] <<< HTTP RESPONSE 200
[info] i  functions: updating Node.js 8 function helloWorld(us-central1)...
[debug] [2020-03-01T21:59:06.770Z] Trigger is:  {"httpsTrigger":{}}
[debug] [2020-03-01T21:59:06.771Z] >>> HTTP REQUEST GET https://serviceusage.googleapis.com/v1/projects/e-com-5ee46/services/cloudscheduler.googleapis.com  
 
[debug] [2020-03-01T21:59:08.294Z] <<< HTTP RESPONSE 200
[debug] [2020-03-01T21:59:08.296Z] >>> HTTP REQUEST PATCH https://cloudfunctions.googleapis.com/v1/projects/e-com-5ee46/locations/us-central1/functions/helloWorld {"updateMask":"sourceUploadUrl,name,labels,runtime,httpsTrigger"} 

[debug] [2020-03-01T21:59:09.253Z] <<< HTTP RESPONSE 200
[debug] [2020-03-01T21:59:09.254Z] >>> HTTP REQUEST GET https://cloudfunctions.googleapis.com/v1/projects/e-com-5ee46/locations/-/functions  
 
[debug] [2020-03-01T21:59:10.351Z] <<< HTTP RESPONSE 200
[debug] [2020-03-01T21:59:10.353Z] >>> HTTP REQUEST GET https://cloudfunctions.googleapis.com/v1/operations/ZS1jb20tNWVlNDYvdXMtY2VudHJhbDEvaGVsbG9Xb3JsZC9EQmNFV0MtcFRJbw  
 
[debug] [2020-03-01T21:59:11.025Z] <<< HTTP RESPONSE 200
[debug] [2020-03-01T21:59:13.027Z] >>> HTTP REQUEST GET https://cloudfunctions.googleapis.com/v1/operations/ZS1jb20tNWVlNDYvdXMtY2VudHJhbDEvaGVsbG9Xb3JsZC9EQmNFV0MtcFRJbw  
 
[debug] [2020-03-01T21:59:13.707Z] <<< HTTP RESPONSE 200
